# evaluate.py --model_path exp/train_r8000_N512_L40_B128_H512_P3_X7_R2_C2_gLN_causal0_relu_epoch100_half1_norm5_bs12_worker8_pit0_adam_lr1e-3_mmt0_l20_tr/final.pth.tar --data_dir data_process/tt --cal_sdr 1 --use_cuda 1 --sample_rate 8000 --batch_size 12 
# Started at Mon Apr 27 09:56:39 CST 2020
#
/nfs/home/yihsuan/yihsuan/DLHLP2020-SPRING/hw3/hw3-1/Conv-TasNet/src/utils.py:40: UserWarning: To copy construct from a tensor, it is recommended to use sourceTensor.clone().detach() or sourceTensor.clone().detach().requires_grad_(True), rather than tensor.new_tensor(sourceTensor).
  frame = signal.new_tensor(frame).long()  # signal may in GPU or CPU
	SDRi=19.56
	SI-SNRi=19.51
	SDRi=22.11
	SI-SNRi=22.00
	SDRi=21.01
	SI-SNRi=20.88
	SDRi=21.42
	SI-SNRi=21.33
	SDRi=20.62
	SI-SNRi=20.47
	SDRi=21.12
	SI-SNRi=20.95
	SDRi=20.59
	SI-SNRi=20.41
	SDRi=20.91
	SI-SNRi=20.71
	SDRi=18.43
	SI-SNRi=18.40
	SDRi=20.25
	SI-SNRi=20.11
	SDRi=21.24
	SI-SNRi=21.05
	SDRi=19.73
	SI-SNRi=19.61
	SDRi=20.16
	SI-SNRi=20.09
	SDRi=20.79
	SI-SNRi=20.69
	SDRi=20.44
	SI-SNRi=20.24
	SDRi=21.49
	SI-SNRi=21.18
	SDRi=21.07
	SI-SNRi=20.94
	SDRi=21.36
	SI-SNRi=21.18
	SDRi=21.37
	SI-SNRi=21.13
	SDRi=22.20
	SI-SNRi=22.11
	SDRi=19.94
	SI-SNRi=19.87
	SDRi=20.98
	SI-SNRi=20.90
	SDRi=20.99
	SI-SNRi=20.80
	SDRi=20.01
	SI-SNRi=19.78
	SDRi=19.91
	SI-SNRi=19.61
	SDRi=21.15
	SI-SNRi=20.97
	SDRi=20.63
	SI-SNRi=20.41
	SDRi=20.86
	SI-SNRi=20.60
	SDRi=21.45
	SI-SNRi=21.34
	SDRi=22.22
	SI-SNRi=22.04
	SDRi=18.78
	SI-SNRi=18.46
	SDRi=20.87
	SI-SNRi=20.70
	SDRi=18.77
	SI-SNRi=18.70
	SDRi=21.02
	SI-SNRi=20.71
	SDRi=21.32
	SI-SNRi=21.21
	SDRi=20.91
	SI-SNRi=20.98
	SDRi=20.95
	SI-SNRi=20.73
	SDRi=22.29
	SI-SNRi=22.13
	SDRi=22.32
	SI-SNRi=22.29
	SDRi=21.26
	SI-SNRi=20.96
	SDRi=20.49
	SI-SNRi=20.26
	SDRi=21.35
	SI-SNRi=21.14
	SDRi=20.94
	SI-SNRi=20.82
	SDRi=21.76
	SI-SNRi=21.56
	SDRi=20.18
	SI-SNRi=20.00
	SDRi=23.39
	SI-SNRi=23.24
	SDRi=22.59
	SI-SNRi=22.51
	SDRi=23.50
	SI-SNRi=23.33
	SDRi=22.12
	SI-SNRi=21.93
	SDRi=20.58
	SI-SNRi=20.54
	SDRi=19.46
	SI-SNRi=19.19
	SDRi=19.58
	SI-SNRi=19.41
	SDRi=20.14
	SI-SNRi=20.00
	SDRi=18.15
	SI-SNRi=18.25
	SDRi=21.54
	SI-SNRi=21.40
	SDRi=22.15
	SI-SNRi=21.98
	SDRi=20.99
	SI-SNRi=20.77
	SDRi=21.01
	SI-SNRi=20.78
	SDRi=21.40
	SI-SNRi=21.20
	SDRi=20.51
	SI-SNRi=20.30
	SDRi=19.77
	SI-SNRi=19.50
	SDRi=21.20
	SI-SNRi=21.08
	SDRi=23.12
	SI-SNRi=23.35
	SDRi=23.32
	SI-SNRi=23.17
	SDRi=20.55
	SI-SNRi=20.46
	SDRi=22.37
	SI-SNRi=22.17
	SDRi=21.67
	SI-SNRi=21.55
	SDRi=21.30
	SI-SNRi=21.15
	SDRi=23.05
	SI-SNRi=23.10
	SDRi=20.43
	SI-SNRi=20.22
	SDRi=9.98
	SI-SNRi=13.87
	SDRi=21.55
	SI-SNRi=21.29
	SDRi=22.51
	SI-SNRi=22.38
	SDRi=22.02
	SI-SNRi=21.96
	SDRi=21.28
	SI-SNRi=20.82
	SDRi=20.63
	SI-SNRi=20.69
	SDRi=22.39
	SI-SNRi=22.25
	SDRi=21.68
	SI-SNRi=21.54
	SDRi=20.82
	SI-SNRi=20.51
	SDRi=23.33
	SI-SNRi=23.23
	SDRi=22.54
	SI-SNRi=22.38
	SDRi=22.12
	SI-SNRi=22.10
	SDRi=21.20
	SI-SNRi=21.23
	SDRi=20.78
	SI-SNRi=21.51
	SDRi=20.96
	SI-SNRi=20.65
	SDRi=21.27
	SI-SNRi=21.14
	SDRi=21.30
	SI-SNRi=20.95
	SDRi=23.39
	SI-SNRi=23.29
	SDRi=21.29
	SI-SNRi=21.09
	SDRi=21.54
	SI-SNRi=21.15
	SDRi=21.98
	SI-SNRi=21.64
	SDRi=23.49
	SI-SNRi=23.30
	SDRi=23.51
	SI-SNRi=23.37
	SDRi=21.87
	SI-SNRi=21.69
	SDRi=21.91
	SI-SNRi=21.69
	SDRi=22.31
	SI-SNRi=22.16
	SDRi=19.37
	SI-SNRi=19.87
	SDRi=20.96
	SI-SNRi=20.66
	SDRi=23.61
	SI-SNRi=23.42
	SDRi=22.43
	SI-SNRi=22.32
	SDRi=22.51
	SI-SNRi=22.40
	SDRi=23.44
	SI-SNRi=23.37
	SDRi=22.50
	SI-SNRi=22.34
	SDRi=20.37
	SI-SNRi=20.03
	SDRi=21.24
	SI-SNRi=21.09
	SDRi=23.04
	SI-SNRi=22.75
	SDRi=21.25
	SI-SNRi=21.05
	SDRi=22.03
	SI-SNRi=21.87
	SDRi=20.82
	SI-SNRi=20.52
	SDRi=21.13
	SI-SNRi=20.97
	SDRi=20.68
	SI-SNRi=20.72
	SDRi=22.57
	SI-SNRi=22.30
	SDRi=22.12
	SI-SNRi=21.90
	SDRi=21.35
	SI-SNRi=21.22
	SDRi=23.31
	SI-SNRi=23.11
	SDRi=22.68
	SI-SNRi=22.46
	SDRi=19.34
	SI-SNRi=19.05
	SDRi=19.83
	SI-SNRi=19.43
	SDRi=22.47
	SI-SNRi=22.14
	SDRi=12.26
	SI-SNRi=12.30
	SDRi=19.13
	SI-SNRi=19.09
	SDRi=19.59
	SI-SNRi=19.39
	SDRi=19.38
	SI-SNRi=19.12
	SDRi=21.65
	SI-SNRi=21.19
	SDRi=23.51
	SI-SNRi=22.63
	SDRi=23.07
	SI-SNRi=22.69
	SDRi=19.65
	SI-SNRi=19.76
	SDRi=16.71
	SI-SNRi=16.44
	SDRi=19.72
	SI-SNRi=19.46
Average SDR improvement: 21.10
Average SISNR improvement: 20.97
# Accounting: time=4111 threads=1
# Ended (code 0) at Mon Apr 27 11:05:10 CST 2020, elapsed time 4111 seconds
